github.com/selabhvl/tpcGo/coordinator.go:22:	NewCoordinator		100.0%
github.com/selabhvl/tpcGo/coordinator.go:35:	Start			93.5%
github.com/selabhvl/tpcGo/coordinator.go:91:	SendFinalDecision	100.0%
github.com/selabhvl/tpcGo/coordinator.go:96:	SendCanCommit		100.0%
github.com/selabhvl/tpcGo/coordinator.go:101:	SendDecision		100.0%
github.com/selabhvl/tpcGo/coordinator.go:106:	DeliverVote		100.0%
github.com/selabhvl/tpcGo/coordinator.go:111:	DeliverACK		100.0%
github.com/selabhvl/tpcGo/coordinator.go:116:	CollectVotes		100.0%
github.com/selabhvl/tpcGo/defs.go:54:		String			100.0%
github.com/selabhvl/tpcGo/defs.go:59:		String			100.0%
github.com/selabhvl/tpcGo/defs.go:64:		String			100.0%
github.com/selabhvl/tpcGo/defs.go:69:		String			100.0%
github.com/selabhvl/tpcGo/defs.go:74:		String			100.0%
github.com/selabhvl/tpcGo/defs.go:79:		String			100.0%
github.com/selabhvl/tpcGo/defs.go:115:		GetWorkID		100.0%
github.com/selabhvl/tpcGo/defs.go:120:		GetWorkID		100.0%
github.com/selabhvl/tpcGo/defs.go:130:		GetWorkID		100.0%
github.com/selabhvl/tpcGo/defs.go:135:		GetWorkID		100.0%
github.com/selabhvl/tpcGo/defs.go:140:		GetVote			100.0%
github.com/selabhvl/tpcGo/defs.go:145:		GetWorkID		100.0%
github.com/selabhvl/tpcGo/defs.go:150:		GetDecision		100.0%
github.com/selabhvl/tpcGo/defs.go:155:		Search			75.0%
github.com/selabhvl/tpcGo/msghandler.go:28:	NewMessageHandler	0.0%
github.com/selabhvl/tpcGo/msghandler.go:43:	Start			0.0%
github.com/selabhvl/tpcGo/msghandler.go:84:	deliverCanCommit	0.0%
github.com/selabhvl/tpcGo/msghandler.go:89:	deliverVote		0.0%
github.com/selabhvl/tpcGo/msghandler.go:94:	deliverDecision		0.0%
github.com/selabhvl/tpcGo/msghandler.go:99:	deliverAck		0.0%
github.com/selabhvl/tpcGo/reader.go:23:		ParseXMLTestCase	75.0%
github.com/selabhvl/tpcGo/worker.go:26:		NewWorker		0.0%
github.com/selabhvl/tpcGo/worker.go:40:		Start			0.0%
github.com/selabhvl/tpcGo/worker.go:67:		DeliverCanCommit	0.0%
github.com/selabhvl/tpcGo/worker.go:72:		SendVote		0.0%
github.com/selabhvl/tpcGo/worker.go:77:		DeliverDecision		0.0%
github.com/selabhvl/tpcGo/worker.go:82:		SendACK			0.0%
github.com/selabhvl/tpcGo/worker.go:87:		createVote		0.0%
github.com/selabhvl/tpcGo/worker.go:96:		createAck		0.0%
total:						(statements)		53.0%
